Release 14.7 - xst P.20131013 (nt64)
Copyright (c) 1995-2013 Xilinx, Inc.  All rights reserved.
--> Parameter TMPDIR set to xst/projnav.tmp


Total REAL time to Xst completion: 0.00 secs
Total CPU time to Xst completion: 0.08 secs
 
--> Parameter xsthdpdir set to xst


Total REAL time to Xst completion: 0.00 secs
Total CPU time to Xst completion: 0.08 secs
 
--> Reading design: mips.prj

TABLE OF CONTENTS
  1) Synthesis Options Summary
  2) HDL Parsing
  3) HDL Elaboration
  4) HDL Synthesis
       4.1) HDL Synthesis Report
  5) Advanced HDL Synthesis
       5.1) Advanced HDL Synthesis Report
  6) Low Level Synthesis
  7) Partition Report
  8) Design Summary
       8.1) Primitive and Black Box Usage
       8.2) Device utilization summary
       8.3) Partition Resource Summary
       8.4) Timing Report
            8.4.1) Clock Information
            8.4.2) Asynchronous Control Signals Information
            8.4.3) Timing Summary
            8.4.4) Timing Details
            8.4.5) Cross Clock Domains Report


=========================================================================
*                      Synthesis Options Summary                        *
=========================================================================
---- Source Parameters
Input File Name                    : "mips.prj"
Ignore Synthesis Constraint File   : NO

---- Target Parameters
Output File Name                   : "mips"
Output Format                      : NGC
Target Device                      : xc7a100t-3-csg324

---- Source Options
Top Module Name                    : mips
Automatic FSM Extraction           : YES
FSM Encoding Algorithm             : Auto
Safe Implementation                : No
FSM Style                          : LUT
RAM Extraction                     : Yes
RAM Style                          : Auto
ROM Extraction                     : Yes
Shift Register Extraction          : YES
ROM Style                          : Auto
Resource Sharing                   : YES
Asynchronous To Synchronous        : NO
Shift Register Minimum Size        : 2
Use DSP Block                      : Auto
Automatic Register Balancing       : No

---- Target Options
LUT Combining                      : Auto
Reduce Control Sets                : Auto
Add IO Buffers                     : YES
Global Maximum Fanout              : 100000
Add Generic Clock Buffer(BUFG)     : 32
Register Duplication               : YES
Optimize Instantiated Primitives   : NO
Use Clock Enable                   : Auto
Use Synchronous Set                : Auto
Use Synchronous Reset              : Auto
Pack IO Registers into IOBs        : Auto
Equivalent register Removal        : YES

---- General Options
Optimization Goal                  : Speed
Optimization Effort                : 1
Power Reduction                    : NO
Keep Hierarchy                     : No
Netlist Hierarchy                  : As_Optimized
RTL Output                         : Yes
Global Optimization                : AllClockNets
Read Cores                         : YES
Write Timing Constraints           : NO
Cross Clock Analysis               : NO
Hierarchy Separator                : /
Bus Delimiter                      : <>
Case Specifier                     : Maintain
Slice Utilization Ratio            : 100
BRAM Utilization Ratio             : 100
DSP48 Utilization Ratio            : 100
Auto BRAM Packing                  : NO
Slice Utilization Ratio Delta      : 5

=========================================================================


=========================================================================
*                          HDL Parsing                                  *
=========================================================================
Parsing VHDL file "C:\Archi Labs\Lab 9 Code For Students\Lab9\SL2.vhd" into library work
Parsing entity <SL2>.
Parsing architecture <Behavioral> of entity <sl2>.
Parsing VHDL file "C:\Archi Labs\Lab 9 Code For Students\Lab9\signext.vhd" into library work
Parsing entity <signext>.
Parsing architecture <Behavioral> of entity <signext>.
Parsing VHDL file "C:\Archi Labs\Lab 9 Code For Students\Lab9\regfile.vhd" into library work
Parsing entity <regfile>.
Parsing architecture <behave> of entity <regfile>.
Parsing VHDL file "C:\Archi Labs\Lab 9 Code For Students\Lab9\mypack.vhd" into library work
Parsing package <mypack>.
Parsing package body <mypack>.
Parsing VHDL file "C:\Archi Labs\Lab 9 Code For Students\Lab9\mux2.vhd" into library work
Parsing entity <mux2>.
Parsing architecture <MuxArch> of entity <mux2>.
Parsing VHDL file "C:\Archi Labs\Lab 9 Code For Students\Lab9\maindec.vhd" into library work
Parsing entity <maindec>.
Parsing architecture <maindecLogic> of entity <maindec>.
Parsing VHDL file "C:\Archi Labs\Lab 9 Code For Students\Lab9\Flopr.vhd" into library work
Parsing entity <Flopr>.
Parsing architecture <behavioral> of entity <flopr>.
Parsing VHDL file "C:\Archi Labs\Lab 9 Code For Students\Lab9\DataPathPackage.vhd" into library work
Parsing package <DataPathPackage>.
INFO:HDLCompiler:1676 - "C:\Archi Labs\Lab 9 Code For Students\Lab9\DataPathPackage.vhd" Line 46. declaration of a buffer port will make it difficult for you to validate this design by simulation. It is preferable to declare it as output
Parsing package body <DataPathPackage>.
Parsing VHDL file "C:\Archi Labs\Lab 9 Code For Students\Lab9\aludec.vhd" into library work
Parsing entity <aludec>.
Parsing architecture <behave> of entity <aludec>.
Parsing VHDL file "C:\Archi Labs\Lab 9 Code For Students\Lab9\alu.vhd" into library work
Parsing entity <alu>.
INFO:HDLCompiler:1676 - "C:\Archi Labs\Lab 9 Code For Students\Lab9\alu.vhd" Line 36. declaration of a buffer port will make it difficult for you to validate this design by simulation. It is preferable to declare it as output
Parsing architecture <Behavioral> of entity <alu>.
Parsing VHDL file "C:\Archi Labs\Lab 9 Code For Students\Lab9\adder.vhd" into library work
Parsing entity <adder>.
Parsing architecture <Behavioral> of entity <adder>.
Parsing VHDL file "C:\Archi Labs\Lab 9 Code For Students\Lab9\dataPath.vhd" into library work
Parsing entity <datapath>.
Parsing architecture <struct> of entity <datapath>.
Parsing VHDL file "C:\Archi Labs\Lab 9 Code For Students\Lab9\controller.vhd" into library work
Parsing entity <controller>.
Parsing architecture <Behavioral> of entity <controller>.
Parsing VHDL file "C:\Archi Labs\Lab 9 Code For Students\Lab9\mips_student.vhd" into library work
Parsing entity <mips>.
Parsing architecture <Behavioral> of entity <mips>.

=========================================================================
*                            HDL Elaboration                            *
=========================================================================

Elaborating entity <mips> (architecture <Behavioral>) from library <work>.

Elaborating entity <controller> (architecture <Behavioral>) from library <work>.

Elaborating entity <maindec> (architecture <maindecLogic>) from library <work>.

Elaborating entity <aludec> (architecture <behave>) from library <work>.

Elaborating entity <datapath> (architecture <struct>) from library <work>.

Elaborating entity <Flopr> (architecture <behavioral>) with generics from library <work>.

Elaborating entity <adder> (architecture <Behavioral>) from library <work>.

Elaborating entity <SL2> (architecture <Behavioral>) from library <work>.

Elaborating entity <mux2> (architecture <MuxArch>) with generics from library <work>.

Elaborating entity <regfile> (architecture <behave>) from library <work>.

Elaborating entity <mux2> (architecture <MuxArch>) with generics from library <work>.

Elaborating entity <signext> (architecture <Behavioral>) from library <work>.

Elaborating entity <alu> (architecture <Behavioral>) from library <work>.

=========================================================================
*                           HDL Synthesis                               *
=========================================================================

Synthesizing Unit <mips>.
    Related source file is "C:\Archi Labs\Lab 9 Code For Students\Lab9\mips_student.vhd".
    Summary:
	no macro.
Unit <mips> synthesized.

Synthesizing Unit <controller>.
    Related source file is "C:\Archi Labs\Lab 9 Code For Students\Lab9\controller.vhd".
    Summary:
	no macro.
Unit <controller> synthesized.

Synthesizing Unit <maindec>.
    Related source file is "C:\Archi Labs\Lab 9 Code For Students\Lab9\maindec.vhd".
    Summary:
	no macro.
Unit <maindec> synthesized.

Synthesizing Unit <aludec>.
    Related source file is "C:\Archi Labs\Lab 9 Code For Students\Lab9\aludec.vhd".
    Summary:
	no macro.
Unit <aludec> synthesized.

Synthesizing Unit <datapath>.
    Related source file is "C:\Archi Labs\Lab 9 Code For Students\Lab9\dataPath.vhd".
WARNING:Xst:647 - Input <instr<31:26>> is never used. This port will be preserved and left unconnected if it belongs to a top-level block or it belongs to a sub-block and the hierarchy of this sub-block is preserved.
    Summary:
	no macro.
Unit <datapath> synthesized.

Synthesizing Unit <Flopr>.
    Related source file is "C:\Archi Labs\Lab 9 Code For Students\Lab9\Flopr.vhd".
        n = 32
    Found 32-bit register for signal <q>.
    Summary:
	inferred  32 D-type flip-flop(s).
Unit <Flopr> synthesized.

Synthesizing Unit <adder>.
    Related source file is "C:\Archi Labs\Lab 9 Code For Students\Lab9\adder.vhd".
    Found 32-bit adder for signal <y> created at line 43.
    Summary:
	inferred   1 Adder/Subtractor(s).
Unit <adder> synthesized.

Synthesizing Unit <SL2>.
    Related source file is "C:\Archi Labs\Lab 9 Code For Students\Lab9\SL2.vhd".
WARNING:Xst:647 - Input <a<31:30>> is never used. This port will be preserved and left unconnected if it belongs to a top-level block or it belongs to a sub-block and the hierarchy of this sub-block is preserved.
    Summary:
	no macro.
Unit <SL2> synthesized.

Synthesizing Unit <mux2_1>.
    Related source file is "C:\Archi Labs\Lab 9 Code For Students\Lab9\mux2.vhd".
        width = 32
    Summary:
	inferred   1 Multiplexer(s).
Unit <mux2_1> synthesized.

Synthesizing Unit <regfile>.
    Related source file is "C:\Archi Labs\Lab 9 Code For Students\Lab9\regfile.vhd".
WARNING:Xst:647 - Input <wa3<4:4>> is never used. This port will be preserved and left unconnected if it belongs to a top-level block or it belongs to a sub-block and the hierarchy of this sub-block is preserved.
WARNING:Xst:3015 - Contents of array <mem> may be accessed with an index that does not cover the full array size or with a negative index. The RAM size is reduced to the index upper access or for only positive index values.
    Found 16x32-bit dual-port RAM <Mram_mem> for signal <mem>.
    Summary:
	inferred   2 RAM(s).
	inferred   2 Multiplexer(s).
Unit <regfile> synthesized.

Synthesizing Unit <mux2_2>.
    Related source file is "C:\Archi Labs\Lab 9 Code For Students\Lab9\mux2.vhd".
        width = 5
    Summary:
	inferred   1 Multiplexer(s).
Unit <mux2_2> synthesized.

Synthesizing Unit <signext>.
    Related source file is "C:\Archi Labs\Lab 9 Code For Students\Lab9\signext.vhd".
    Summary:
	no macro.
Unit <signext> synthesized.

Synthesizing Unit <alu>.
    Related source file is "C:\Archi Labs\Lab 9 Code For Students\Lab9\alu.vhd".
    Found 32-bit adder for signal <n0033> created at line 45.
    Found 32-bit adder for signal <S> created at line 45.
    Found 32-bit 4-to-1 multiplexer for signal <result> created at line 36.
    Summary:
	inferred   2 Adder/Subtractor(s).
	inferred   2 Multiplexer(s).
Unit <alu> synthesized.

=========================================================================
HDL Synthesis Report

Macro Statistics
# RAMs                                                 : 2
 16x32-bit dual-port RAM                               : 2
# Adders/Subtractors                                   : 4
 32-bit adder                                          : 4
# Registers                                            : 1
 32-bit register                                       : 1
# Multiplexers                                         : 9
 32-bit 2-to-1 multiplexer                             : 7
 32-bit 4-to-1 multiplexer                             : 1
 5-bit 2-to-1 multiplexer                              : 1

=========================================================================

=========================================================================
*                       Advanced HDL Synthesis                          *
=========================================================================


Synthesizing (advanced) Unit <regfile>.
INFO:Xst:3218 - HDL ADVISOR - The RAM <Mram_mem> will be implemented on LUTs either because you have described an asynchronous read or because of currently unsupported block RAM features. If you have described an asynchronous read, making it synchronous would allow you to take advantage of available block RAM resources, for optimized device usage and improved timings. Please refer to your documentation for coding guidelines.
    -----------------------------------------------------------------------
    | ram_type           | Distributed                         |          |
    -----------------------------------------------------------------------
    | Port A                                                              |
    |     aspect ratio   | 16-word x 32-bit                    |          |
    |     clkA           | connected to signal <clk>           | rise     |
    |     weA            | connected to signal <we3>           | high     |
    |     addrA          | connected to signal <wa3>           |          |
    |     diA            | connected to signal <wd3>           |          |
    -----------------------------------------------------------------------
    | Port B                                                              |
    |     aspect ratio   | 16-word x 32-bit                    |          |
    |     addrB          | connected to signal <ra1<3:0>>      |          |
    |     doB            | connected to internal node          |          |
    -----------------------------------------------------------------------
INFO:Xst:3218 - HDL ADVISOR - The RAM <Mram_mem1> will be implemented on LUTs either because you have described an asynchronous read or because of currently unsupported block RAM features. If you have described an asynchronous read, making it synchronous would allow you to take advantage of available block RAM resources, for optimized device usage and improved timings. Please refer to your documentation for coding guidelines.
    -----------------------------------------------------------------------
    | ram_type           | Distributed                         |          |
    -----------------------------------------------------------------------
    | Port A                                                              |
    |     aspect ratio   | 16-word x 32-bit                    |          |
    |     clkA           | connected to signal <clk>           | rise     |
    |     weA            | connected to signal <we3>           | high     |
    |     addrA          | connected to signal <wa3>           |          |
    |     diA            | connected to signal <wd3>           |          |
    -----------------------------------------------------------------------
    | Port B                                                              |
    |     aspect ratio   | 16-word x 32-bit                    |          |
    |     addrB          | connected to signal <ra2<3:0>>      |          |
    |     doB            | connected to internal node          |          |
    -----------------------------------------------------------------------
Unit <regfile> synthesized (advanced).

=========================================================================
Advanced HDL Synthesis Report

Macro Statistics
# RAMs                                                 : 2
 16x32-bit dual-port distributed RAM                   : 2
# Adders/Subtractors                                   : 3
 32-bit adder                                          : 2
 32-bit adder carry in                                 : 1
# Registers                                            : 32
 Flip-Flops                                            : 32
# Multiplexers                                         : 9
 32-bit 2-to-1 multiplexer                             : 7
 32-bit 4-to-1 multiplexer                             : 1
 5-bit 2-to-1 multiplexer                              : 1

=========================================================================

=========================================================================
*                         Low Level Synthesis                           *
=========================================================================

Optimizing unit <Flopr> ...

Optimizing unit <mips> ...

Optimizing unit <datapath> ...

Optimizing unit <alu> ...
WARNING:Xst:1710 - FF/Latch <d/pcreg/q_1> (without init value) has a constant value of 0 in block <mips>. This FF/Latch will be trimmed during the optimization process.
WARNING:Xst:1895 - Due to other FF/Latch trimming, FF/Latch <d/pcreg/q_0> (without init value) has a constant value of 0 in block <mips>. This FF/Latch will be trimmed during the optimization process.

Mapping all equations...
Building and optimizing final netlist ...
Found area constraint ratio of 100 (+ 5) on block mips, actual ratio is 0.

Final Macro Processing ...

=========================================================================
Final Register Report

Macro Statistics
# Registers                                            : 30
 Flip-Flops                                            : 30

=========================================================================

=========================================================================
*                           Partition Report                            *
=========================================================================

Partition Implementation Status
-------------------------------

  No Partitions were found in this design.

-------------------------------

=========================================================================
*                            Design Summary                             *
=========================================================================

Top Level Output File Name         : mips.ngc

Primitive and Black Box Usage:
------------------------------
# BELS                             : 526
#      GND                         : 1
#      INV                         : 1
#      LUT1                        : 29
#      LUT2                        : 30
#      LUT3                        : 5
#      LUT4                        : 75
#      LUT5                        : 34
#      LUT6                        : 169
#      MUXCY                       : 89
#      VCC                         : 1
#      XORCY                       : 92
# FlipFlops/Latches                : 30
#      FDC                         : 30
# RAMS                             : 14
#      RAM32M                      : 10
#      RAM32X1D                    : 4
# Clock Buffers                    : 1
#      BUFGP                       : 1
# IO Buffers                       : 162
#      IBUF                        : 65
#      OBUF                        : 97

Device utilization summary:
---------------------------

Selected Device : 7a100tcsg324-3 


Slice Logic Utilization: 
 Number of Slice Registers:              30  out of  126800     0%  
 Number of Slice LUTs:                  391  out of  63400     0%  
    Number used as Logic:               343  out of  63400     0%  
    Number used as Memory:               48  out of  19000     0%  
       Number used as RAM:               48

Slice Logic Distribution: 
 Number of LUT Flip Flop pairs used:    391
   Number with an unused Flip Flop:     361  out of    391    92%  
   Number with an unused LUT:             0  out of    391     0%  
   Number of fully used LUT-FF pairs:    30  out of    391     7%  
   Number of unique control sets:         1

IO Utilization: 
 Number of IOs:                         163
 Number of bonded IOBs:                 163  out of    210    77%  

Specific Feature Utilization:
 Number of BUFG/BUFGCTRLs:                1  out of     32     3%  

---------------------------
Partition Resource Summary:
---------------------------

  No Partitions were found in this design.

---------------------------


=========================================================================
Timing Report

NOTE: THESE TIMING NUMBERS ARE ONLY A SYNTHESIS ESTIMATE.
      FOR ACCURATE TIMING INFORMATION PLEASE REFER TO THE TRACE REPORT
      GENERATED AFTER PLACE-and-ROUTE.

Clock Information:
------------------
-----------------------------------+------------------------+-------+
Clock Signal                       | Clock buffer(FF name)  | Load  |
-----------------------------------+------------------------+-------+
clk                                | BUFGP                  | 44    |
-----------------------------------+------------------------+-------+

Asynchronous Control Signals Information:
----------------------------------------
No asynchronous control signals found in this design

Timing Summary:
---------------
Speed Grade: -3

   Minimum period: 5.028ns (Maximum Frequency: 198.880MHz)
   Minimum input arrival time before clock: 6.251ns
   Maximum output required time after clock: 4.117ns
   Maximum combinational path delay: 5.341ns

Timing Details:
---------------
All values displayed in nanoseconds (ns)

=========================================================================
Timing constraint: Default period analysis for Clock 'clk'
  Clock period: 5.028ns (frequency: 198.880MHz)
  Total number of paths / destination ports: 59910 / 94
-------------------------------------------------------------------------
Delay:               5.028ns (Levels of Logic = 23)
  Source:            d/rf/Mram_mem2 (RAM)
  Destination:       d/pcreg/q_31 (FF)
  Source Clock:      clk rising
  Destination Clock: clk rising

  Data Path: d/rf/Mram_mem2 to d/pcreg/q_31
                                Gate     Net
    Cell:in->out      fanout   Delay   Delay  Logical Name (Net Name)
    ----------------------------------------  ------------
     RAM32M:WCLK->DOA0     2   1.345   0.299  d/rf/Mram_mem2 (d/rf/GND_48_o_read_port_2_OUT<0>)
     LUT6:I5->O            3   0.097   0.289  d/rf/Mmux_rd1111 (d/srca<0>)
     MUXCY:DI->O           1   0.337   0.000  d/mainalu/Madd_S_Madd_cy<0> (d/mainalu/Madd_S_Madd_cy<0>)
     MUXCY:CI->O           1   0.023   0.000  d/mainalu/Madd_S_Madd_cy<1> (d/mainalu/Madd_S_Madd_cy<1>)
     MUXCY:CI->O           1   0.023   0.000  d/mainalu/Madd_S_Madd_cy<2> (d/mainalu/Madd_S_Madd_cy<2>)
     MUXCY:CI->O           1   0.023   0.000  d/mainalu/Madd_S_Madd_cy<3> (d/mainalu/Madd_S_Madd_cy<3>)
     MUXCY:CI->O           1   0.023   0.000  d/mainalu/Madd_S_Madd_cy<4> (d/mainalu/Madd_S_Madd_cy<4>)
     MUXCY:CI->O           1   0.023   0.000  d/mainalu/Madd_S_Madd_cy<5> (d/mainalu/Madd_S_Madd_cy<5>)
     MUXCY:CI->O           1   0.023   0.000  d/mainalu/Madd_S_Madd_cy<6> (d/mainalu/Madd_S_Madd_cy<6>)
     MUXCY:CI->O           1   0.023   0.000  d/mainalu/Madd_S_Madd_cy<7> (d/mainalu/Madd_S_Madd_cy<7>)
     MUXCY:CI->O           1   0.023   0.000  d/mainalu/Madd_S_Madd_cy<8> (d/mainalu/Madd_S_Madd_cy<8>)
     MUXCY:CI->O           1   0.023   0.000  d/mainalu/Madd_S_Madd_cy<9> (d/mainalu/Madd_S_Madd_cy<9>)
     MUXCY:CI->O           1   0.023   0.000  d/mainalu/Madd_S_Madd_cy<10> (d/mainalu/Madd_S_Madd_cy<10>)
     MUXCY:CI->O           1   0.023   0.000  d/mainalu/Madd_S_Madd_cy<11> (d/mainalu/Madd_S_Madd_cy<11>)
     MUXCY:CI->O           1   0.023   0.000  d/mainalu/Madd_S_Madd_cy<12> (d/mainalu/Madd_S_Madd_cy<12>)
     MUXCY:CI->O           1   0.023   0.000  d/mainalu/Madd_S_Madd_cy<13> (d/mainalu/Madd_S_Madd_cy<13>)
     MUXCY:CI->O           1   0.023   0.000  d/mainalu/Madd_S_Madd_cy<14> (d/mainalu/Madd_S_Madd_cy<14>)
     MUXCY:CI->O           1   0.023   0.000  d/mainalu/Madd_S_Madd_cy<15> (d/mainalu/Madd_S_Madd_cy<15>)
     MUXCY:CI->O           1   0.023   0.000  d/mainalu/Madd_S_Madd_cy<16> (d/mainalu/Madd_S_Madd_cy<16>)
     MUXCY:CI->O           1   0.023   0.000  d/mainalu/Madd_S_Madd_cy<17> (d/mainalu/Madd_S_Madd_cy<17>)
     XORCY:CI->O           2   0.370   0.515  d/mainalu/Madd_S_Madd_xor<18> (d/mainalu/S<18>)
     LUT5:I2->O            1   0.097   0.683  c/pcsrc2 (c/pcsrc1)
     LUT6:I1->O           30   0.097   0.402  c/pcsrc8 (pcsrc)
     LUT4:I3->O            1   0.097   0.000  d/pcmux/Mmux_y211 (d/pcnext<28>)
     FDC:D                     0.008          d/pcreg/q_28
    ----------------------------------------
    Total                      5.028ns (2.839ns logic, 2.189ns route)
                                       (56.5% logic, 43.5% route)

=========================================================================
Timing constraint: Default OFFSET IN BEFORE for Clock 'clk'
  Total number of paths / destination ports: 1244219 / 210
-------------------------------------------------------------------------
Offset:              6.251ns (Levels of Logic = 27)
  Source:            instra<31> (PAD)
  Destination:       d/pcreg/q_31 (FF)
  Destination Clock: clk rising

  Data Path: instra<31> to d/pcreg/q_31
                                Gate     Net
    Cell:in->out      fanout   Delay   Delay  Logical Name (Net Name)
    ----------------------------------------  ------------
     IBUF:I->O             6   0.001   0.579  instra_31_IBUF (instra_31_IBUF)
     LUT4:I0->O           36   0.097   0.791  c/md/controls<1>11 (c/md/controls<1>1)
     LUT5:I0->O           67   0.097   0.795  c/ad/alucontrol<1>1 (alucontrol<2>)
     LUT6:I1->O            1   0.097   0.683  d/srcbmux/Mmux_y11_SW1 (N36)
     LUT6:I1->O            1   0.097   0.000  d/mainalu/Madd_S_Madd_lut<0> (d/mainalu/Madd_S_Madd_lut<0>)
     MUXCY:S->O            1   0.353   0.000  d/mainalu/Madd_S_Madd_cy<0> (d/mainalu/Madd_S_Madd_cy<0>)
     MUXCY:CI->O           1   0.023   0.000  d/mainalu/Madd_S_Madd_cy<1> (d/mainalu/Madd_S_Madd_cy<1>)
     MUXCY:CI->O           1   0.023   0.000  d/mainalu/Madd_S_Madd_cy<2> (d/mainalu/Madd_S_Madd_cy<2>)
     MUXCY:CI->O           1   0.023   0.000  d/mainalu/Madd_S_Madd_cy<3> (d/mainalu/Madd_S_Madd_cy<3>)
     MUXCY:CI->O           1   0.023   0.000  d/mainalu/Madd_S_Madd_cy<4> (d/mainalu/Madd_S_Madd_cy<4>)
     MUXCY:CI->O           1   0.023   0.000  d/mainalu/Madd_S_Madd_cy<5> (d/mainalu/Madd_S_Madd_cy<5>)
     MUXCY:CI->O           1   0.023   0.000  d/mainalu/Madd_S_Madd_cy<6> (d/mainalu/Madd_S_Madd_cy<6>)
     MUXCY:CI->O           1   0.023   0.000  d/mainalu/Madd_S_Madd_cy<7> (d/mainalu/Madd_S_Madd_cy<7>)
     MUXCY:CI->O           1   0.023   0.000  d/mainalu/Madd_S_Madd_cy<8> (d/mainalu/Madd_S_Madd_cy<8>)
     MUXCY:CI->O           1   0.023   0.000  d/mainalu/Madd_S_Madd_cy<9> (d/mainalu/Madd_S_Madd_cy<9>)
     MUXCY:CI->O           1   0.023   0.000  d/mainalu/Madd_S_Madd_cy<10> (d/mainalu/Madd_S_Madd_cy<10>)
     MUXCY:CI->O           1   0.023   0.000  d/mainalu/Madd_S_Madd_cy<11> (d/mainalu/Madd_S_Madd_cy<11>)
     MUXCY:CI->O           1   0.023   0.000  d/mainalu/Madd_S_Madd_cy<12> (d/mainalu/Madd_S_Madd_cy<12>)
     MUXCY:CI->O           1   0.023   0.000  d/mainalu/Madd_S_Madd_cy<13> (d/mainalu/Madd_S_Madd_cy<13>)
     MUXCY:CI->O           1   0.023   0.000  d/mainalu/Madd_S_Madd_cy<14> (d/mainalu/Madd_S_Madd_cy<14>)
     MUXCY:CI->O           1   0.023   0.000  d/mainalu/Madd_S_Madd_cy<15> (d/mainalu/Madd_S_Madd_cy<15>)
     MUXCY:CI->O           1   0.023   0.000  d/mainalu/Madd_S_Madd_cy<16> (d/mainalu/Madd_S_Madd_cy<16>)
     MUXCY:CI->O           1   0.023   0.000  d/mainalu/Madd_S_Madd_cy<17> (d/mainalu/Madd_S_Madd_cy<17>)
     XORCY:CI->O           2   0.370   0.515  d/mainalu/Madd_S_Madd_xor<18> (d/mainalu/S<18>)
     LUT5:I2->O            1   0.097   0.683  c/pcsrc2 (c/pcsrc1)
     LUT6:I1->O           30   0.097   0.402  c/pcsrc8 (pcsrc)
     LUT4:I3->O            1   0.097   0.000  d/pcmux/Mmux_y211 (d/pcnext<28>)
     FDC:D                     0.008          d/pcreg/q_28
    ----------------------------------------
    Total                      6.251ns (1.802ns logic, 4.449ns route)
                                       (28.8% logic, 71.2% route)

=========================================================================
Timing constraint: Default OFFSET OUT AFTER for Clock 'clk'
  Total number of paths / destination ports: 1773 / 94
-------------------------------------------------------------------------
Offset:              4.117ns (Levels of Logic = 35)
  Source:            d/rf/Mram_mem2 (RAM)
  Destination:       aluout<31> (PAD)
  Source Clock:      clk rising

  Data Path: d/rf/Mram_mem2 to aluout<31>
                                Gate     Net
    Cell:in->out      fanout   Delay   Delay  Logical Name (Net Name)
    ----------------------------------------  ------------
     RAM32M:WCLK->DOA0     2   1.345   0.299  d/rf/Mram_mem2 (d/rf/GND_48_o_read_port_2_OUT<0>)
     LUT6:I5->O            3   0.097   0.289  d/rf/Mmux_rd1111 (d/srca<0>)
     MUXCY:DI->O           1   0.337   0.000  d/mainalu/Madd_S_Madd_cy<0> (d/mainalu/Madd_S_Madd_cy<0>)
     MUXCY:CI->O           1   0.023   0.000  d/mainalu/Madd_S_Madd_cy<1> (d/mainalu/Madd_S_Madd_cy<1>)
     MUXCY:CI->O           1   0.023   0.000  d/mainalu/Madd_S_Madd_cy<2> (d/mainalu/Madd_S_Madd_cy<2>)
     MUXCY:CI->O           1   0.023   0.000  d/mainalu/Madd_S_Madd_cy<3> (d/mainalu/Madd_S_Madd_cy<3>)
     MUXCY:CI->O           1   0.023   0.000  d/mainalu/Madd_S_Madd_cy<4> (d/mainalu/Madd_S_Madd_cy<4>)
     MUXCY:CI->O           1   0.023   0.000  d/mainalu/Madd_S_Madd_cy<5> (d/mainalu/Madd_S_Madd_cy<5>)
     MUXCY:CI->O           1   0.023   0.000  d/mainalu/Madd_S_Madd_cy<6> (d/mainalu/Madd_S_Madd_cy<6>)
     MUXCY:CI->O           1   0.023   0.000  d/mainalu/Madd_S_Madd_cy<7> (d/mainalu/Madd_S_Madd_cy<7>)
     MUXCY:CI->O           1   0.023   0.000  d/mainalu/Madd_S_Madd_cy<8> (d/mainalu/Madd_S_Madd_cy<8>)
     MUXCY:CI->O           1   0.023   0.000  d/mainalu/Madd_S_Madd_cy<9> (d/mainalu/Madd_S_Madd_cy<9>)
     MUXCY:CI->O           1   0.023   0.000  d/mainalu/Madd_S_Madd_cy<10> (d/mainalu/Madd_S_Madd_cy<10>)
     MUXCY:CI->O           1   0.023   0.000  d/mainalu/Madd_S_Madd_cy<11> (d/mainalu/Madd_S_Madd_cy<11>)
     MUXCY:CI->O           1   0.023   0.000  d/mainalu/Madd_S_Madd_cy<12> (d/mainalu/Madd_S_Madd_cy<12>)
     MUXCY:CI->O           1   0.023   0.000  d/mainalu/Madd_S_Madd_cy<13> (d/mainalu/Madd_S_Madd_cy<13>)
     MUXCY:CI->O           1   0.023   0.000  d/mainalu/Madd_S_Madd_cy<14> (d/mainalu/Madd_S_Madd_cy<14>)
     MUXCY:CI->O           1   0.023   0.000  d/mainalu/Madd_S_Madd_cy<15> (d/mainalu/Madd_S_Madd_cy<15>)
     MUXCY:CI->O           1   0.023   0.000  d/mainalu/Madd_S_Madd_cy<16> (d/mainalu/Madd_S_Madd_cy<16>)
     MUXCY:CI->O           1   0.023   0.000  d/mainalu/Madd_S_Madd_cy<17> (d/mainalu/Madd_S_Madd_cy<17>)
     MUXCY:CI->O           1   0.023   0.000  d/mainalu/Madd_S_Madd_cy<18> (d/mainalu/Madd_S_Madd_cy<18>)
     MUXCY:CI->O           1   0.023   0.000  d/mainalu/Madd_S_Madd_cy<19> (d/mainalu/Madd_S_Madd_cy<19>)
     MUXCY:CI->O           1   0.023   0.000  d/mainalu/Madd_S_Madd_cy<20> (d/mainalu/Madd_S_Madd_cy<20>)
     MUXCY:CI->O           1   0.023   0.000  d/mainalu/Madd_S_Madd_cy<21> (d/mainalu/Madd_S_Madd_cy<21>)
     MUXCY:CI->O           1   0.023   0.000  d/mainalu/Madd_S_Madd_cy<22> (d/mainalu/Madd_S_Madd_cy<22>)
     MUXCY:CI->O           1   0.023   0.000  d/mainalu/Madd_S_Madd_cy<23> (d/mainalu/Madd_S_Madd_cy<23>)
     MUXCY:CI->O           1   0.023   0.000  d/mainalu/Madd_S_Madd_cy<24> (d/mainalu/Madd_S_Madd_cy<24>)
     MUXCY:CI->O           1   0.023   0.000  d/mainalu/Madd_S_Madd_cy<25> (d/mainalu/Madd_S_Madd_cy<25>)
     MUXCY:CI->O           1   0.023   0.000  d/mainalu/Madd_S_Madd_cy<26> (d/mainalu/Madd_S_Madd_cy<26>)
     MUXCY:CI->O           1   0.023   0.000  d/mainalu/Madd_S_Madd_cy<27> (d/mainalu/Madd_S_Madd_cy<27>)
     MUXCY:CI->O           1   0.023   0.000  d/mainalu/Madd_S_Madd_cy<28> (d/mainalu/Madd_S_Madd_cy<28>)
     MUXCY:CI->O           1   0.023   0.000  d/mainalu/Madd_S_Madd_cy<29> (d/mainalu/Madd_S_Madd_cy<29>)
     MUXCY:CI->O           0   0.023   0.000  d/mainalu/Madd_S_Madd_cy<30> (d/mainalu/Madd_S_Madd_cy<30>)
     XORCY:CI->O           4   0.370   0.309  d/mainalu/Madd_S_Madd_xor<31> (d/mainalu/S<31>)
     LUT6:I5->O            2   0.097   0.283  d/mainalu/result<31>1 (aluout_31_OBUF)
     OBUF:I->O                 0.000          aluout_31_OBUF (aluout<31>)
    ----------------------------------------
    Total                      4.117ns (2.936ns logic, 1.181ns route)
                                       (71.3% logic, 28.7% route)

=========================================================================
Timing constraint: Default path analysis
  Total number of paths / destination ports: 43205 / 65
-------------------------------------------------------------------------
Delay:               5.341ns (Levels of Logic = 39)
  Source:            instra<31> (PAD)
  Destination:       aluout<31> (PAD)

  Data Path: instra<31> to aluout<31>
                                Gate     Net
    Cell:in->out      fanout   Delay   Delay  Logical Name (Net Name)
    ----------------------------------------  ------------
     IBUF:I->O             6   0.001   0.579  instra_31_IBUF (instra_31_IBUF)
     LUT4:I0->O           36   0.097   0.791  c/md/controls<1>11 (c/md/controls<1>1)
     LUT5:I0->O           67   0.097   0.795  c/ad/alucontrol<1>1 (alucontrol<2>)
     LUT6:I1->O            1   0.097   0.683  d/srcbmux/Mmux_y11_SW1 (N36)
     LUT6:I1->O            1   0.097   0.000  d/mainalu/Madd_S_Madd_lut<0> (d/mainalu/Madd_S_Madd_lut<0>)
     MUXCY:S->O            1   0.353   0.000  d/mainalu/Madd_S_Madd_cy<0> (d/mainalu/Madd_S_Madd_cy<0>)
     MUXCY:CI->O           1   0.023   0.000  d/mainalu/Madd_S_Madd_cy<1> (d/mainalu/Madd_S_Madd_cy<1>)
     MUXCY:CI->O           1   0.023   0.000  d/mainalu/Madd_S_Madd_cy<2> (d/mainalu/Madd_S_Madd_cy<2>)
     MUXCY:CI->O           1   0.023   0.000  d/mainalu/Madd_S_Madd_cy<3> (d/mainalu/Madd_S_Madd_cy<3>)
     MUXCY:CI->O           1   0.023   0.000  d/mainalu/Madd_S_Madd_cy<4> (d/mainalu/Madd_S_Madd_cy<4>)
     MUXCY:CI->O           1   0.023   0.000  d/mainalu/Madd_S_Madd_cy<5> (d/mainalu/Madd_S_Madd_cy<5>)
     MUXCY:CI->O           1   0.023   0.000  d/mainalu/Madd_S_Madd_cy<6> (d/mainalu/Madd_S_Madd_cy<6>)
     MUXCY:CI->O           1   0.023   0.000  d/mainalu/Madd_S_Madd_cy<7> (d/mainalu/Madd_S_Madd_cy<7>)
     MUXCY:CI->O           1   0.023   0.000  d/mainalu/Madd_S_Madd_cy<8> (d/mainalu/Madd_S_Madd_cy<8>)
     MUXCY:CI->O           1   0.023   0.000  d/mainalu/Madd_S_Madd_cy<9> (d/mainalu/Madd_S_Madd_cy<9>)
     MUXCY:CI->O           1   0.023   0.000  d/mainalu/Madd_S_Madd_cy<10> (d/mainalu/Madd_S_Madd_cy<10>)
     MUXCY:CI->O           1   0.023   0.000  d/mainalu/Madd_S_Madd_cy<11> (d/mainalu/Madd_S_Madd_cy<11>)
     MUXCY:CI->O           1   0.023   0.000  d/mainalu/Madd_S_Madd_cy<12> (d/mainalu/Madd_S_Madd_cy<12>)
     MUXCY:CI->O           1   0.023   0.000  d/mainalu/Madd_S_Madd_cy<13> (d/mainalu/Madd_S_Madd_cy<13>)
     MUXCY:CI->O           1   0.023   0.000  d/mainalu/Madd_S_Madd_cy<14> (d/mainalu/Madd_S_Madd_cy<14>)
     MUXCY:CI->O           1   0.023   0.000  d/mainalu/Madd_S_Madd_cy<15> (d/mainalu/Madd_S_Madd_cy<15>)
     MUXCY:CI->O           1   0.023   0.000  d/mainalu/Madd_S_Madd_cy<16> (d/mainalu/Madd_S_Madd_cy<16>)
     MUXCY:CI->O           1   0.023   0.000  d/mainalu/Madd_S_Madd_cy<17> (d/mainalu/Madd_S_Madd_cy<17>)
     MUXCY:CI->O           1   0.023   0.000  d/mainalu/Madd_S_Madd_cy<18> (d/mainalu/Madd_S_Madd_cy<18>)
     MUXCY:CI->O           1   0.023   0.000  d/mainalu/Madd_S_Madd_cy<19> (d/mainalu/Madd_S_Madd_cy<19>)
     MUXCY:CI->O           1   0.023   0.000  d/mainalu/Madd_S_Madd_cy<20> (d/mainalu/Madd_S_Madd_cy<20>)
     MUXCY:CI->O           1   0.023   0.000  d/mainalu/Madd_S_Madd_cy<21> (d/mainalu/Madd_S_Madd_cy<21>)
     MUXCY:CI->O           1   0.023   0.000  d/mainalu/Madd_S_Madd_cy<22> (d/mainalu/Madd_S_Madd_cy<22>)
     MUXCY:CI->O           1   0.023   0.000  d/mainalu/Madd_S_Madd_cy<23> (d/mainalu/Madd_S_Madd_cy<23>)
     MUXCY:CI->O           1   0.023   0.000  d/mainalu/Madd_S_Madd_cy<24> (d/mainalu/Madd_S_Madd_cy<24>)
     MUXCY:CI->O           1   0.023   0.000  d/mainalu/Madd_S_Madd_cy<25> (d/mainalu/Madd_S_Madd_cy<25>)
     MUXCY:CI->O           1   0.023   0.000  d/mainalu/Madd_S_Madd_cy<26> (d/mainalu/Madd_S_Madd_cy<26>)
     MUXCY:CI->O           1   0.023   0.000  d/mainalu/Madd_S_Madd_cy<27> (d/mainalu/Madd_S_Madd_cy<27>)
     MUXCY:CI->O           1   0.023   0.000  d/mainalu/Madd_S_Madd_cy<28> (d/mainalu/Madd_S_Madd_cy<28>)
     MUXCY:CI->O           1   0.023   0.000  d/mainalu/Madd_S_Madd_cy<29> (d/mainalu/Madd_S_Madd_cy<29>)
     MUXCY:CI->O           0   0.023   0.000  d/mainalu/Madd_S_Madd_cy<30> (d/mainalu/Madd_S_Madd_cy<30>)
     XORCY:CI->O           4   0.370   0.309  d/mainalu/Madd_S_Madd_xor<31> (d/mainalu/S<31>)
     LUT6:I5->O            2   0.097   0.283  d/mainalu/result<31>1 (aluout_31_OBUF)
     OBUF:I->O                 0.000          aluout_31_OBUF (aluout<31>)
    ----------------------------------------
    Total                      5.341ns (1.899ns logic, 3.442ns route)
                                       (35.6% logic, 64.4% route)

=========================================================================

Cross Clock Domains Report:
--------------------------

Clock to Setup on destination clock clk
---------------+---------+---------+---------+---------+
               | Src:Rise| Src:Fall| Src:Rise| Src:Fall|
Source Clock   |Dest:Rise|Dest:Rise|Dest:Fall|Dest:Fall|
---------------+---------+---------+---------+---------+
clk            |    5.028|         |         |         |
---------------+---------+---------+---------+---------+

=========================================================================


Total REAL time to Xst completion: 7.00 secs
Total CPU time to Xst completion: 7.01 secs
 
--> 

Total memory usage is 4715668 kilobytes

Number of errors   :    0 (   0 filtered)
Number of warnings :    6 (   0 filtered)
Number of infos    :    2 (   0 filtered)

