Release 14.7 - xst P.20131013 (nt64)
Copyright (c) 1995-2013 Xilinx, Inc.  All rights reserved.
--> Parameter TMPDIR set to xst/projnav.tmp


Total REAL time to Xst completion: 1.00 secs
Total CPU time to Xst completion: 0.08 secs
 
--> Parameter xsthdpdir set to xst


Total REAL time to Xst completion: 1.00 secs
Total CPU time to Xst completion: 0.08 secs
 
--> Reading design: top.prj

TABLE OF CONTENTS
  1) Synthesis Options Summary
  2) HDL Parsing
  3) HDL Elaboration
  4) HDL Synthesis
       4.1) HDL Synthesis Report
  5) Advanced HDL Synthesis
       5.1) Advanced HDL Synthesis Report
  6) Low Level Synthesis
  7) Partition Report
  8) Design Summary
       8.1) Primitive and Black Box Usage
       8.2) Device utilization summary
       8.3) Partition Resource Summary
       8.4) Timing Report
            8.4.1) Clock Information
            8.4.2) Asynchronous Control Signals Information
            8.4.3) Timing Summary
            8.4.4) Timing Details
            8.4.5) Cross Clock Domains Report


=========================================================================
*                      Synthesis Options Summary                        *
=========================================================================
---- Source Parameters
Input File Name                    : "top.prj"
Ignore Synthesis Constraint File   : NO

---- Target Parameters
Output File Name                   : "top"
Output Format                      : NGC
Target Device                      : xc7a100t-3-csg324

---- Source Options
Top Module Name                    : top
Automatic FSM Extraction           : YES
FSM Encoding Algorithm             : Auto
Safe Implementation                : No
FSM Style                          : LUT
RAM Extraction                     : Yes
RAM Style                          : Auto
ROM Extraction                     : Yes
Shift Register Extraction          : YES
ROM Style                          : Auto
Resource Sharing                   : YES
Asynchronous To Synchronous        : NO
Shift Register Minimum Size        : 2
Use DSP Block                      : Auto
Automatic Register Balancing       : No

---- Target Options
LUT Combining                      : Auto
Reduce Control Sets                : Auto
Add IO Buffers                     : YES
Global Maximum Fanout              : 100000
Add Generic Clock Buffer(BUFG)     : 32
Register Duplication               : YES
Optimize Instantiated Primitives   : NO
Use Clock Enable                   : Auto
Use Synchronous Set                : Auto
Use Synchronous Reset              : Auto
Pack IO Registers into IOBs        : Auto
Equivalent register Removal        : YES

---- General Options
Optimization Goal                  : Speed
Optimization Effort                : 1
Power Reduction                    : NO
Keep Hierarchy                     : No
Netlist Hierarchy                  : As_Optimized
RTL Output                         : Yes
Global Optimization                : AllClockNets
Read Cores                         : YES
Write Timing Constraints           : NO
Cross Clock Analysis               : NO
Hierarchy Separator                : /
Bus Delimiter                      : <>
Case Specifier                     : Maintain
Slice Utilization Ratio            : 100
BRAM Utilization Ratio             : 100
DSP48 Utilization Ratio            : 100
Auto BRAM Packing                  : NO
Slice Utilization Ratio Delta      : 5

=========================================================================


=========================================================================
*                          HDL Parsing                                  *
=========================================================================
Parsing VHDL file "C:\Archi Labs\Lab 9 Code For Students\Lab9\SL2.vhd" into library work
Parsing entity <SL2>.
Parsing architecture <Behavioral> of entity <sl2>.
Parsing VHDL file "C:\Archi Labs\Lab 9 Code For Students\Lab9\signext.vhd" into library work
Parsing entity <signext>.
Parsing architecture <Behavioral> of entity <signext>.
Parsing VHDL file "C:\Archi Labs\Lab 9 Code For Students\Lab9\regfile.vhd" into library work
Parsing entity <regfile>.
Parsing architecture <behave> of entity <regfile>.
Parsing VHDL file "C:\Archi Labs\Lab 9 Code For Students\Lab9\mypack.vhd" into library work
Parsing package <mypack>.
Parsing package body <mypack>.
Parsing VHDL file "C:\Archi Labs\Lab 9 Code For Students\Lab9\mux2.vhd" into library work
Parsing entity <mux2>.
Parsing architecture <MuxArch> of entity <mux2>.
Parsing VHDL file "C:\Archi Labs\Lab 9 Code For Students\Lab9\maindec.vhd" into library work
Parsing entity <maindec>.
Parsing architecture <maindecLogic> of entity <maindec>.
Parsing VHDL file "C:\Archi Labs\Lab 9 Code For Students\Lab9\Flopr.vhd" into library work
Parsing entity <Flopr>.
Parsing architecture <behavioral> of entity <flopr>.
Parsing VHDL file "C:\Archi Labs\Lab 9 Code For Students\Lab9\DataPathPackage.vhd" into library work
Parsing package <DataPathPackage>.
INFO:HDLCompiler:1676 - "C:\Archi Labs\Lab 9 Code For Students\Lab9\DataPathPackage.vhd" Line 46. declaration of a buffer port will make it difficult for you to validate this design by simulation. It is preferable to declare it as output
Parsing package body <DataPathPackage>.
Parsing VHDL file "C:\Archi Labs\Lab 9 Code For Students\Lab9\aludec.vhd" into library work
Parsing entity <aludec>.
Parsing architecture <behave> of entity <aludec>.
Parsing VHDL file "C:\Archi Labs\Lab 9 Code For Students\Lab9\alu.vhd" into library work
Parsing entity <alu>.
INFO:HDLCompiler:1676 - "C:\Archi Labs\Lab 9 Code For Students\Lab9\alu.vhd" Line 36. declaration of a buffer port will make it difficult for you to validate this design by simulation. It is preferable to declare it as output
Parsing architecture <Behavioral> of entity <alu>.
Parsing VHDL file "C:\Archi Labs\Lab 9 Code For Students\Lab9\adder.vhd" into library work
Parsing entity <adder>.
Parsing architecture <Behavioral> of entity <adder>.
Parsing VHDL file "C:\Archi Labs\Lab 9 Code For Students\Lab9\dataPath.vhd" into library work
Parsing entity <datapath>.
Parsing architecture <struct> of entity <datapath>.
Parsing VHDL file "C:\Archi Labs\Lab 9 Code For Students\Lab9\controller.vhd" into library work
Parsing entity <controller>.
Parsing architecture <Behavioral> of entity <controller>.
Parsing VHDL file "C:\Archi Labs\Lab 9 Code For Students\Lab9\mips_student.vhd" into library work
Parsing entity <mips>.
Parsing architecture <Behavioral> of entity <mips>.
Parsing VHDL file "C:\Archi Labs\Lab 9 Code For Students\Lab9\imem.vhd" into library work
Parsing entity <imem>.
Parsing architecture <behave> of entity <imem>.
Parsing VHDL file "C:\Archi Labs\Lab 9 Code For Students\Lab9\dmem.vhd" into library work
Parsing entity <dmem>.
Parsing architecture <behave> of entity <dmem>.
Parsing VHDL file "C:\Archi Labs\Lab 9 Code For Students\Lab9\top_student.vhd" into library work
Parsing entity <top>.
Parsing architecture <struct> of entity <top>.

=========================================================================
*                            HDL Elaboration                            *
=========================================================================

Elaborating entity <top> (architecture <struct>) from library <work>.

Elaborating entity <mips> (architecture <Behavioral>) from library <work>.

Elaborating entity <controller> (architecture <Behavioral>) from library <work>.

Elaborating entity <maindec> (architecture <maindecLogic>) from library <work>.

Elaborating entity <aludec> (architecture <behave>) from library <work>.

Elaborating entity <datapath> (architecture <struct>) from library <work>.

Elaborating entity <Flopr> (architecture <behavioral>) with generics from library <work>.

Elaborating entity <adder> (architecture <Behavioral>) from library <work>.

Elaborating entity <SL2> (architecture <Behavioral>) from library <work>.

Elaborating entity <mux2> (architecture <MuxArch>) with generics from library <work>.

Elaborating entity <regfile> (architecture <behave>) from library <work>.

Elaborating entity <mux2> (architecture <MuxArch>) with generics from library <work>.

Elaborating entity <signext> (architecture <Behavioral>) from library <work>.

Elaborating entity <alu> (architecture <Behavioral>) from library <work>.

Elaborating entity <dmem> (architecture <behave>) from library <work>.

Elaborating entity <imem> (architecture <behave>) from library <work>.

=========================================================================
*                           HDL Synthesis                               *
=========================================================================

Synthesizing Unit <top>.
    Related source file is "C:\Archi Labs\Lab 9 Code For Students\Lab9\top_student.vhd".
    Summary:
	no macro.
Unit <top> synthesized.

Synthesizing Unit <mips>.
    Related source file is "C:\Archi Labs\Lab 9 Code For Students\Lab9\mips_student.vhd".
    Summary:
	no macro.
Unit <mips> synthesized.

Synthesizing Unit <controller>.
    Related source file is "C:\Archi Labs\Lab 9 Code For Students\Lab9\controller.vhd".
    Summary:
	no macro.
Unit <controller> synthesized.

Synthesizing Unit <maindec>.
    Related source file is "C:\Archi Labs\Lab 9 Code For Students\Lab9\maindec.vhd".
    Summary:
	no macro.
Unit <maindec> synthesized.

Synthesizing Unit <aludec>.
    Related source file is "C:\Archi Labs\Lab 9 Code For Students\Lab9\aludec.vhd".
    Summary:
	no macro.
Unit <aludec> synthesized.

Synthesizing Unit <datapath>.
    Related source file is "C:\Archi Labs\Lab 9 Code For Students\Lab9\dataPath.vhd".
WARNING:Xst:647 - Input <instr<31:26>> is never used. This port will be preserved and left unconnected if it belongs to a top-level block or it belongs to a sub-block and the hierarchy of this sub-block is preserved.
    Summary:
	no macro.
Unit <datapath> synthesized.

Synthesizing Unit <Flopr>.
    Related source file is "C:\Archi Labs\Lab 9 Code For Students\Lab9\Flopr.vhd".
        n = 32
    Found 32-bit register for signal <q>.
    Summary:
	inferred  32 D-type flip-flop(s).
Unit <Flopr> synthesized.

Synthesizing Unit <adder>.
    Related source file is "C:\Archi Labs\Lab 9 Code For Students\Lab9\adder.vhd".
    Found 32-bit adder for signal <y> created at line 43.
    Summary:
	inferred   1 Adder/Subtractor(s).
Unit <adder> synthesized.

Synthesizing Unit <SL2>.
    Related source file is "C:\Archi Labs\Lab 9 Code For Students\Lab9\SL2.vhd".
WARNING:Xst:647 - Input <a<31:30>> is never used. This port will be preserved and left unconnected if it belongs to a top-level block or it belongs to a sub-block and the hierarchy of this sub-block is preserved.
    Summary:
	no macro.
Unit <SL2> synthesized.

Synthesizing Unit <mux2_1>.
    Related source file is "C:\Archi Labs\Lab 9 Code For Students\Lab9\mux2.vhd".
        width = 32
    Summary:
	inferred   1 Multiplexer(s).
Unit <mux2_1> synthesized.

Synthesizing Unit <regfile>.
    Related source file is "C:\Archi Labs\Lab 9 Code For Students\Lab9\regfile.vhd".
WARNING:Xst:647 - Input <wa3<4:4>> is never used. This port will be preserved and left unconnected if it belongs to a top-level block or it belongs to a sub-block and the hierarchy of this sub-block is preserved.
WARNING:Xst:3015 - Contents of array <mem> may be accessed with an index that does not cover the full array size or with a negative index. The RAM size is reduced to the index upper access or for only positive index values.
    Found 16x32-bit dual-port RAM <Mram_mem> for signal <mem>.
    Summary:
	inferred   2 RAM(s).
	inferred   2 Multiplexer(s).
Unit <regfile> synthesized.

Synthesizing Unit <mux2_2>.
    Related source file is "C:\Archi Labs\Lab 9 Code For Students\Lab9\mux2.vhd".
        width = 5
    Summary:
	inferred   1 Multiplexer(s).
Unit <mux2_2> synthesized.

Synthesizing Unit <signext>.
    Related source file is "C:\Archi Labs\Lab 9 Code For Students\Lab9\signext.vhd".
    Summary:
	no macro.
Unit <signext> synthesized.

Synthesizing Unit <alu>.
    Related source file is "C:\Archi Labs\Lab 9 Code For Students\Lab9\alu.vhd".
    Found 32-bit adder for signal <n0033> created at line 45.
    Found 32-bit adder for signal <S> created at line 45.
    Found 32-bit 4-to-1 multiplexer for signal <result> created at line 36.
    Summary:
	inferred   2 Adder/Subtractor(s).
	inferred   2 Multiplexer(s).
Unit <alu> synthesized.

Synthesizing Unit <dmem>.
    Related source file is "C:\Archi Labs\Lab 9 Code For Students\Lab9\dmem.vhd".
WARNING:Xst:647 - Input <a<1:0>> is never used. This port will be preserved and left unconnected if it belongs to a top-level block or it belongs to a sub-block and the hierarchy of this sub-block is preserved.
WARNING:Xst:647 - Input <a<31:8>> is never used. This port will be preserved and left unconnected if it belongs to a top-level block or it belongs to a sub-block and the hierarchy of this sub-block is preserved.
    Found 64x32-bit single-port RAM <Mram_mem> for signal <mem>.
    Summary:
	inferred   1 RAM(s).
	inferred   1 Multiplexer(s).
Unit <dmem> synthesized.

Synthesizing Unit <imem>.
    Related source file is "C:\Archi Labs\Lab 9 Code For Students\Lab9\imem.vhd".
    Found 64x32-bit Read Only RAM for signal <rd>
    Summary:
	inferred   1 RAM(s).
Unit <imem> synthesized.

=========================================================================
HDL Synthesis Report

Macro Statistics
# RAMs                                                 : 4
 16x32-bit dual-port RAM                               : 2
 64x32-bit single-port RAM                             : 1
 64x32-bit single-port Read Only RAM                   : 1
# Adders/Subtractors                                   : 4
 32-bit adder                                          : 4
# Registers                                            : 1
 32-bit register                                       : 1
# Multiplexers                                         : 10
 32-bit 2-to-1 multiplexer                             : 8
 32-bit 4-to-1 multiplexer                             : 1
 5-bit 2-to-1 multiplexer                              : 1

=========================================================================

=========================================================================
*                       Advanced HDL Synthesis                          *
=========================================================================


Synthesizing (advanced) Unit <dmem>.
INFO:Xst:3218 - HDL ADVISOR - The RAM <Mram_mem> will be implemented on LUTs either because you have described an asynchronous read or because of currently unsupported block RAM features. If you have described an asynchronous read, making it synchronous would allow you to take advantage of available block RAM resources, for optimized device usage and improved timings. Please refer to your documentation for coding guidelines.
    -----------------------------------------------------------------------
    | ram_type           | Distributed                         |          |
    -----------------------------------------------------------------------
    | Port A                                                              |
    |     aspect ratio   | 64-word x 32-bit                    |          |
    |     clkA           | connected to signal <clk>           | rise     |
    |     weA            | connected to signal <we>            | high     |
    |     addrA          | connected to signal <a>             |          |
    |     diA            | connected to signal <wd>            |          |
    |     doA            | connected to internal node          |          |
    -----------------------------------------------------------------------
Unit <dmem> synthesized (advanced).

Synthesizing (advanced) Unit <imem>.
INFO:Xst:3218 - HDL ADVISOR - The RAM <Mram_rd> will be implemented on LUTs either because you have described an asynchronous read or because of currently unsupported block RAM features. If you have described an asynchronous read, making it synchronous would allow you to take advantage of available block RAM resources, for optimized device usage and improved timings. Please refer to your documentation for coding guidelines.
    -----------------------------------------------------------------------
    | ram_type           | Distributed                         |          |
    -----------------------------------------------------------------------
    | Port A                                                              |
    |     aspect ratio   | 64-word x 32-bit                    |          |
    |     weA            | connected to signal <GND>           | high     |
    |     addrA          | connected to signal <a>             |          |
    |     diA            | connected to signal <GND>           |          |
    |     doA            | connected to signal <rd>            |          |
    -----------------------------------------------------------------------
Unit <imem> synthesized (advanced).

Synthesizing (advanced) Unit <regfile>.
INFO:Xst:3218 - HDL ADVISOR - The RAM <Mram_mem> will be implemented on LUTs either because you have described an asynchronous read or because of currently unsupported block RAM features. If you have described an asynchronous read, making it synchronous would allow you to take advantage of available block RAM resources, for optimized device usage and improved timings. Please refer to your documentation for coding guidelines.
    -----------------------------------------------------------------------
    | ram_type           | Distributed                         |          |
    -----------------------------------------------------------------------
    | Port A                                                              |
    |     aspect ratio   | 16-word x 32-bit                    |          |
    |     clkA           | connected to signal <clk>           | rise     |
    |     weA            | connected to signal <we3>           | high     |
    |     addrA          | connected to signal <wa3>           |          |
    |     diA            | connected to signal <wd3>           |          |
    -----------------------------------------------------------------------
    | Port B                                                              |
    |     aspect ratio   | 16-word x 32-bit                    |          |
    |     addrB          | connected to signal <ra1<3:0>>      |          |
    |     doB            | connected to internal node          |          |
    -----------------------------------------------------------------------
INFO:Xst:3218 - HDL ADVISOR - The RAM <Mram_mem1> will be implemented on LUTs either because you have described an asynchronous read or because of currently unsupported block RAM features. If you have described an asynchronous read, making it synchronous would allow you to take advantage of available block RAM resources, for optimized device usage and improved timings. Please refer to your documentation for coding guidelines.
    -----------------------------------------------------------------------
    | ram_type           | Distributed                         |          |
    -----------------------------------------------------------------------
    | Port A                                                              |
    |     aspect ratio   | 16-word x 32-bit                    |          |
    |     clkA           | connected to signal <clk>           | rise     |
    |     weA            | connected to signal <we3>           | high     |
    |     addrA          | connected to signal <wa3>           |          |
    |     diA            | connected to signal <wd3>           |          |
    -----------------------------------------------------------------------
    | Port B                                                              |
    |     aspect ratio   | 16-word x 32-bit                    |          |
    |     addrB          | connected to signal <ra2<3:0>>      |          |
    |     doB            | connected to internal node          |          |
    -----------------------------------------------------------------------
Unit <regfile> synthesized (advanced).

=========================================================================
Advanced HDL Synthesis Report

Macro Statistics
# RAMs                                                 : 4
 16x32-bit dual-port distributed RAM                   : 2
 64x32-bit single-port distributed RAM                 : 1
 64x32-bit single-port distributed Read Only RAM       : 1
# Adders/Subtractors                                   : 3
 32-bit adder                                          : 2
 32-bit adder carry in                                 : 1
# Registers                                            : 32
 Flip-Flops                                            : 32
# Multiplexers                                         : 10
 32-bit 2-to-1 multiplexer                             : 8
 32-bit 4-to-1 multiplexer                             : 1
 5-bit 2-to-1 multiplexer                              : 1

=========================================================================

=========================================================================
*                         Low Level Synthesis                           *
=========================================================================

Optimizing unit <Flopr> ...

Optimizing unit <top> ...

Optimizing unit <datapath> ...

Optimizing unit <alu> ...
WARNING:Xst:2677 - Node <m/d/pcreg/q_31> of sequential type is unconnected in block <top>.
WARNING:Xst:2677 - Node <m/d/pcreg/q_30> of sequential type is unconnected in block <top>.
WARNING:Xst:2677 - Node <m/d/pcreg/q_29> of sequential type is unconnected in block <top>.
WARNING:Xst:2677 - Node <m/d/pcreg/q_28> of sequential type is unconnected in block <top>.
WARNING:Xst:2677 - Node <m/d/pcreg/q_27> of sequential type is unconnected in block <top>.
WARNING:Xst:2677 - Node <m/d/pcreg/q_26> of sequential type is unconnected in block <top>.
WARNING:Xst:2677 - Node <m/d/pcreg/q_25> of sequential type is unconnected in block <top>.
WARNING:Xst:2677 - Node <m/d/pcreg/q_24> of sequential type is unconnected in block <top>.
WARNING:Xst:2677 - Node <m/d/pcreg/q_23> of sequential type is unconnected in block <top>.
WARNING:Xst:2677 - Node <m/d/pcreg/q_22> of sequential type is unconnected in block <top>.
WARNING:Xst:2677 - Node <m/d/pcreg/q_21> of sequential type is unconnected in block <top>.
WARNING:Xst:2677 - Node <m/d/pcreg/q_20> of sequential type is unconnected in block <top>.
WARNING:Xst:2677 - Node <m/d/pcreg/q_19> of sequential type is unconnected in block <top>.
WARNING:Xst:2677 - Node <m/d/pcreg/q_18> of sequential type is unconnected in block <top>.
WARNING:Xst:2677 - Node <m/d/pcreg/q_17> of sequential type is unconnected in block <top>.
WARNING:Xst:2677 - Node <m/d/pcreg/q_16> of sequential type is unconnected in block <top>.
WARNING:Xst:2677 - Node <m/d/pcreg/q_15> of sequential type is unconnected in block <top>.
WARNING:Xst:2677 - Node <m/d/pcreg/q_14> of sequential type is unconnected in block <top>.
WARNING:Xst:2677 - Node <m/d/pcreg/q_13> of sequential type is unconnected in block <top>.
WARNING:Xst:2677 - Node <m/d/pcreg/q_12> of sequential type is unconnected in block <top>.
WARNING:Xst:2677 - Node <m/d/pcreg/q_11> of sequential type is unconnected in block <top>.
WARNING:Xst:2677 - Node <m/d/pcreg/q_10> of sequential type is unconnected in block <top>.
WARNING:Xst:2677 - Node <m/d/pcreg/q_9> of sequential type is unconnected in block <top>.
WARNING:Xst:2677 - Node <m/d/pcreg/q_8> of sequential type is unconnected in block <top>.
WARNING:Xst:2677 - Node <m/d/pcreg/q_1> of sequential type is unconnected in block <top>.
WARNING:Xst:2677 - Node <m/d/pcreg/q_0> of sequential type is unconnected in block <top>.

Mapping all equations...
Building and optimizing final netlist ...
Found area constraint ratio of 100 (+ 5) on block top, actual ratio is 0.

Final Macro Processing ...

=========================================================================
Final Register Report

Macro Statistics
# Registers                                            : 6
 Flip-Flops                                            : 6

=========================================================================

=========================================================================
*                           Partition Report                            *
=========================================================================

Partition Implementation Status
-------------------------------

  No Partitions were found in this design.

-------------------------------

=========================================================================
*                            Design Summary                             *
=========================================================================

Top Level Output File Name         : top.ngc

Primitive and Black Box Usage:
------------------------------
# BELS                             : 348
#      GND                         : 1
#      INV                         : 2
#      LUT1                        : 4
#      LUT2                        : 6
#      LUT3                        : 4
#      LUT4                        : 66
#      LUT5                        : 23
#      LUT6                        : 149
#      MUXCY                       : 48
#      VCC                         : 1
#      XORCY                       : 44
# FlipFlops/Latches                : 6
#      FDC                         : 6
# RAMS                             : 46
#      RAM32M                      : 10
#      RAM32X1D                    : 4
#      RAM64X1S                    : 32
# Clock Buffers                    : 1
#      BUFGP                       : 1
# IO Buffers                       : 66
#      IBUF                        : 1
#      OBUF                        : 65

Device utilization summary:
---------------------------

Selected Device : 7a100tcsg324-3 


Slice Logic Utilization: 
 Number of Slice Registers:               6  out of  126800     0%  
 Number of Slice LUTs:                  334  out of  63400     0%  
    Number used as Logic:               254  out of  63400     0%  
    Number used as Memory:               80  out of  19000     0%  
       Number used as RAM:               80

Slice Logic Distribution: 
 Number of LUT Flip Flop pairs used:    334
   Number with an unused Flip Flop:     328  out of    334    98%  
   Number with an unused LUT:             0  out of    334     0%  
   Number of fully used LUT-FF pairs:     6  out of    334     1%  
   Number of unique control sets:         1

IO Utilization: 
 Number of IOs:                          67
 Number of bonded IOBs:                  67  out of    210    31%  

Specific Feature Utilization:
 Number of BUFG/BUFGCTRLs:                1  out of     32     3%  

---------------------------
Partition Resource Summary:
---------------------------

  No Partitions were found in this design.

---------------------------


=========================================================================
Timing Report

NOTE: THESE TIMING NUMBERS ARE ONLY A SYNTHESIS ESTIMATE.
      FOR ACCURATE TIMING INFORMATION PLEASE REFER TO THE TRACE REPORT
      GENERATED AFTER PLACE-and-ROUTE.

Clock Information:
------------------
-----------------------------------+------------------------+-------+
Clock Signal                       | Clock buffer(FF name)  | Load  |
-----------------------------------+------------------------+-------+
clk                                | BUFGP                  | 52    |
-----------------------------------+------------------------+-------+

Asynchronous Control Signals Information:
----------------------------------------
No asynchronous control signals found in this design

Timing Summary:
---------------
Speed Grade: -3

   Minimum period: 6.126ns (Maximum Frequency: 163.250MHz)
   Minimum input arrival time before clock: 0.652ns
   Maximum output required time after clock: 5.135ns
   Maximum combinational path delay: No path found

Timing Details:
---------------
All values displayed in nanoseconds (ns)

=========================================================================
Timing constraint: Default period analysis for Clock 'clk'
  Clock period: 6.126ns (frequency: 163.250MHz)
  Total number of paths / destination ports: 1767664 / 408
-------------------------------------------------------------------------
Delay:               6.126ns (Levels of Logic = 34)
  Source:            m/d/pcreg/q_7 (FF)
  Destination:       m/d/pcreg/q_7 (FF)
  Source Clock:      clk rising
  Destination Clock: clk rising

  Data Path: m/d/pcreg/q_7 to m/d/pcreg/q_7
                                Gate     Net
    Cell:in->out      fanout   Delay   Delay  Logical Name (Net Name)
    ----------------------------------------  ------------
     FDC:C->Q             20   0.361   0.781  m/d/pcreg/q_7 (m/d/pcreg/q_7)
     LUT6:I0->O            6   0.097   0.716  im/Mram_rd41 (instr<4>)
     LUT6:I0->O            2   0.097   0.299  m/c/ad/alucontrol<1>1 (m/c/ad/alucontrol<1>)
     LUT5:I4->O           64   0.097   0.491  m/c/ad/alucontrol<1>2 (m/alucontrol<2>)
     LUT6:I4->O            1   0.097   0.000  m/d/mainalu/Madd_S_Madd_lut<0> (m/d/mainalu/Madd_S_Madd_lut<0>)
     MUXCY:S->O            1   0.353   0.000  m/d/mainalu/Madd_S_Madd_cy<0> (m/d/mainalu/Madd_S_Madd_cy<0>)
     MUXCY:CI->O           1   0.023   0.000  m/d/mainalu/Madd_S_Madd_cy<1> (m/d/mainalu/Madd_S_Madd_cy<1>)
     MUXCY:CI->O           1   0.023   0.000  m/d/mainalu/Madd_S_Madd_cy<2> (m/d/mainalu/Madd_S_Madd_cy<2>)
     MUXCY:CI->O           1   0.023   0.000  m/d/mainalu/Madd_S_Madd_cy<3> (m/d/mainalu/Madd_S_Madd_cy<3>)
     MUXCY:CI->O           1   0.023   0.000  m/d/mainalu/Madd_S_Madd_cy<4> (m/d/mainalu/Madd_S_Madd_cy<4>)
     MUXCY:CI->O           1   0.023   0.000  m/d/mainalu/Madd_S_Madd_cy<5> (m/d/mainalu/Madd_S_Madd_cy<5>)
     MUXCY:CI->O           1   0.023   0.000  m/d/mainalu/Madd_S_Madd_cy<6> (m/d/mainalu/Madd_S_Madd_cy<6>)
     MUXCY:CI->O           1   0.023   0.000  m/d/mainalu/Madd_S_Madd_cy<7> (m/d/mainalu/Madd_S_Madd_cy<7>)
     MUXCY:CI->O           1   0.023   0.000  m/d/mainalu/Madd_S_Madd_cy<8> (m/d/mainalu/Madd_S_Madd_cy<8>)
     MUXCY:CI->O           1   0.023   0.000  m/d/mainalu/Madd_S_Madd_cy<9> (m/d/mainalu/Madd_S_Madd_cy<9>)
     MUXCY:CI->O           1   0.023   0.000  m/d/mainalu/Madd_S_Madd_cy<10> (m/d/mainalu/Madd_S_Madd_cy<10>)
     MUXCY:CI->O           1   0.023   0.000  m/d/mainalu/Madd_S_Madd_cy<11> (m/d/mainalu/Madd_S_Madd_cy<11>)
     MUXCY:CI->O           1   0.023   0.000  m/d/mainalu/Madd_S_Madd_cy<12> (m/d/mainalu/Madd_S_Madd_cy<12>)
     MUXCY:CI->O           1   0.023   0.000  m/d/mainalu/Madd_S_Madd_cy<13> (m/d/mainalu/Madd_S_Madd_cy<13>)
     MUXCY:CI->O           1   0.023   0.000  m/d/mainalu/Madd_S_Madd_cy<14> (m/d/mainalu/Madd_S_Madd_cy<14>)
     MUXCY:CI->O           1   0.023   0.000  m/d/mainalu/Madd_S_Madd_cy<15> (m/d/mainalu/Madd_S_Madd_cy<15>)
     MUXCY:CI->O           1   0.023   0.000  m/d/mainalu/Madd_S_Madd_cy<16> (m/d/mainalu/Madd_S_Madd_cy<16>)
     MUXCY:CI->O           1   0.023   0.000  m/d/mainalu/Madd_S_Madd_cy<17> (m/d/mainalu/Madd_S_Madd_cy<17>)
     MUXCY:CI->O           1   0.023   0.000  m/d/mainalu/Madd_S_Madd_cy<18> (m/d/mainalu/Madd_S_Madd_cy<18>)
     MUXCY:CI->O           1   0.023   0.000  m/d/mainalu/Madd_S_Madd_cy<19> (m/d/mainalu/Madd_S_Madd_cy<19>)
     MUXCY:CI->O           1   0.023   0.000  m/d/mainalu/Madd_S_Madd_cy<20> (m/d/mainalu/Madd_S_Madd_cy<20>)
     XORCY:CI->O           2   0.370   0.688  m/d/mainalu/Madd_S_Madd_xor<21> (m/d/mainalu/S<21>)
     LUT6:I1->O            1   0.097   0.000  m/c/pcsrc_wg_lut<1> (m/c/pcsrc_wg_lut<1>)
     MUXCY:S->O            1   0.353   0.000  m/c/pcsrc_wg_cy<1> (m/c/pcsrc_wg_cy<1>)
     MUXCY:CI->O           1   0.023   0.000  m/c/pcsrc_wg_cy<2> (m/c/pcsrc_wg_cy<2>)
     MUXCY:CI->O           1   0.023   0.000  m/c/pcsrc_wg_cy<3> (m/c/pcsrc_wg_cy<3>)
     MUXCY:CI->O           1   0.023   0.000  m/c/pcsrc_wg_cy<4> (m/c/pcsrc_wg_cy<4>)
     MUXCY:CI->O           1   0.023   0.000  m/c/pcsrc_wg_cy<5> (m/c/pcsrc_wg_cy<5>)
     MUXCY:CI->O           6   0.253   0.318  m/c/pcsrc_wg_cy<6> (m/pcsrc)
     LUT5:I4->O            1   0.097   0.000  m/d/pcmux/Mmux_y231 (m/d/pcnext<2>)
     FDC:D                     0.008          m/d/pcreg/q_2
    ----------------------------------------
    Total                      6.126ns (2.832ns logic, 3.294ns route)
                                       (46.2% logic, 53.8% route)

=========================================================================
Timing constraint: Default OFFSET IN BEFORE for Clock 'clk'
  Total number of paths / destination ports: 6 / 6
-------------------------------------------------------------------------
Offset:              0.652ns (Levels of Logic = 1)
  Source:            reset (PAD)
  Destination:       m/d/pcreg/q_7 (FF)
  Destination Clock: clk rising

  Data Path: reset to m/d/pcreg/q_7
                                Gate     Net
    Cell:in->out      fanout   Delay   Delay  Logical Name (Net Name)
    ----------------------------------------  ------------
     IBUF:I->O             6   0.001   0.302  reset_IBUF (reset_IBUF)
     FDC:CLR                   0.349          m/d/pcreg/q_2
    ----------------------------------------
    Total                      0.652ns (0.350ns logic, 0.302ns route)
                                       (53.6% logic, 46.4% route)

=========================================================================
Timing constraint: Default OFFSET OUT AFTER for Clock 'clk'
  Total number of paths / destination ports: 127557 / 65
-------------------------------------------------------------------------
Offset:              5.135ns (Levels of Logic = 38)
  Source:            m/d/pcreg/q_7 (FF)
  Destination:       dataadr<31> (PAD)
  Source Clock:      clk rising

  Data Path: m/d/pcreg/q_7 to dataadr<31>
                                Gate     Net
    Cell:in->out      fanout   Delay   Delay  Logical Name (Net Name)
    ----------------------------------------  ------------
     FDC:C->Q             20   0.361   0.781  m/d/pcreg/q_7 (m/d/pcreg/q_7)
     LUT6:I0->O            6   0.097   0.716  im/Mram_rd41 (instr<4>)
     LUT6:I0->O            2   0.097   0.299  m/c/ad/alucontrol<1>1 (m/c/ad/alucontrol<1>)
     LUT5:I4->O           64   0.097   0.491  m/c/ad/alucontrol<1>2 (m/alucontrol<2>)
     LUT6:I4->O            1   0.097   0.000  m/d/mainalu/Madd_S_Madd_lut<0> (m/d/mainalu/Madd_S_Madd_lut<0>)
     MUXCY:S->O            1   0.353   0.000  m/d/mainalu/Madd_S_Madd_cy<0> (m/d/mainalu/Madd_S_Madd_cy<0>)
     MUXCY:CI->O           1   0.023   0.000  m/d/mainalu/Madd_S_Madd_cy<1> (m/d/mainalu/Madd_S_Madd_cy<1>)
     MUXCY:CI->O           1   0.023   0.000  m/d/mainalu/Madd_S_Madd_cy<2> (m/d/mainalu/Madd_S_Madd_cy<2>)
     MUXCY:CI->O           1   0.023   0.000  m/d/mainalu/Madd_S_Madd_cy<3> (m/d/mainalu/Madd_S_Madd_cy<3>)
     MUXCY:CI->O           1   0.023   0.000  m/d/mainalu/Madd_S_Madd_cy<4> (m/d/mainalu/Madd_S_Madd_cy<4>)
     MUXCY:CI->O           1   0.023   0.000  m/d/mainalu/Madd_S_Madd_cy<5> (m/d/mainalu/Madd_S_Madd_cy<5>)
     MUXCY:CI->O           1   0.023   0.000  m/d/mainalu/Madd_S_Madd_cy<6> (m/d/mainalu/Madd_S_Madd_cy<6>)
     MUXCY:CI->O           1   0.023   0.000  m/d/mainalu/Madd_S_Madd_cy<7> (m/d/mainalu/Madd_S_Madd_cy<7>)
     MUXCY:CI->O           1   0.023   0.000  m/d/mainalu/Madd_S_Madd_cy<8> (m/d/mainalu/Madd_S_Madd_cy<8>)
     MUXCY:CI->O           1   0.023   0.000  m/d/mainalu/Madd_S_Madd_cy<9> (m/d/mainalu/Madd_S_Madd_cy<9>)
     MUXCY:CI->O           1   0.023   0.000  m/d/mainalu/Madd_S_Madd_cy<10> (m/d/mainalu/Madd_S_Madd_cy<10>)
     MUXCY:CI->O           1   0.023   0.000  m/d/mainalu/Madd_S_Madd_cy<11> (m/d/mainalu/Madd_S_Madd_cy<11>)
     MUXCY:CI->O           1   0.023   0.000  m/d/mainalu/Madd_S_Madd_cy<12> (m/d/mainalu/Madd_S_Madd_cy<12>)
     MUXCY:CI->O           1   0.023   0.000  m/d/mainalu/Madd_S_Madd_cy<13> (m/d/mainalu/Madd_S_Madd_cy<13>)
     MUXCY:CI->O           1   0.023   0.000  m/d/mainalu/Madd_S_Madd_cy<14> (m/d/mainalu/Madd_S_Madd_cy<14>)
     MUXCY:CI->O           1   0.023   0.000  m/d/mainalu/Madd_S_Madd_cy<15> (m/d/mainalu/Madd_S_Madd_cy<15>)
     MUXCY:CI->O           1   0.023   0.000  m/d/mainalu/Madd_S_Madd_cy<16> (m/d/mainalu/Madd_S_Madd_cy<16>)
     MUXCY:CI->O           1   0.023   0.000  m/d/mainalu/Madd_S_Madd_cy<17> (m/d/mainalu/Madd_S_Madd_cy<17>)
     MUXCY:CI->O           1   0.023   0.000  m/d/mainalu/Madd_S_Madd_cy<18> (m/d/mainalu/Madd_S_Madd_cy<18>)
     MUXCY:CI->O           1   0.023   0.000  m/d/mainalu/Madd_S_Madd_cy<19> (m/d/mainalu/Madd_S_Madd_cy<19>)
     MUXCY:CI->O           1   0.023   0.000  m/d/mainalu/Madd_S_Madd_cy<20> (m/d/mainalu/Madd_S_Madd_cy<20>)
     MUXCY:CI->O           1   0.023   0.000  m/d/mainalu/Madd_S_Madd_cy<21> (m/d/mainalu/Madd_S_Madd_cy<21>)
     MUXCY:CI->O           1   0.023   0.000  m/d/mainalu/Madd_S_Madd_cy<22> (m/d/mainalu/Madd_S_Madd_cy<22>)
     MUXCY:CI->O           1   0.023   0.000  m/d/mainalu/Madd_S_Madd_cy<23> (m/d/mainalu/Madd_S_Madd_cy<23>)
     MUXCY:CI->O           1   0.023   0.000  m/d/mainalu/Madd_S_Madd_cy<24> (m/d/mainalu/Madd_S_Madd_cy<24>)
     MUXCY:CI->O           1   0.023   0.000  m/d/mainalu/Madd_S_Madd_cy<25> (m/d/mainalu/Madd_S_Madd_cy<25>)
     MUXCY:CI->O           1   0.023   0.000  m/d/mainalu/Madd_S_Madd_cy<26> (m/d/mainalu/Madd_S_Madd_cy<26>)
     MUXCY:CI->O           1   0.023   0.000  m/d/mainalu/Madd_S_Madd_cy<27> (m/d/mainalu/Madd_S_Madd_cy<27>)
     MUXCY:CI->O           1   0.023   0.000  m/d/mainalu/Madd_S_Madd_cy<28> (m/d/mainalu/Madd_S_Madd_cy<28>)
     MUXCY:CI->O           1   0.023   0.000  m/d/mainalu/Madd_S_Madd_cy<29> (m/d/mainalu/Madd_S_Madd_cy<29>)
     MUXCY:CI->O           0   0.023   0.000  m/d/mainalu/Madd_S_Madd_cy<30> (m/d/mainalu/Madd_S_Madd_cy<30>)
     XORCY:CI->O           3   0.370   0.305  m/d/mainalu/Madd_S_Madd_xor<31> (m/d/mainalu/S<31>)
     LUT6:I5->O            2   0.097   0.283  m/d/mainalu/result<0> (dataadr_0_OBUF)
     OBUF:I->O                 0.000          dataadr_0_OBUF (dataadr<0>)
    ----------------------------------------
    Total                      5.135ns (2.259ns logic, 2.876ns route)
                                       (44.0% logic, 56.0% route)

=========================================================================

Cross Clock Domains Report:
--------------------------

Clock to Setup on destination clock clk
---------------+---------+---------+---------+---------+
               | Src:Rise| Src:Fall| Src:Rise| Src:Fall|
Source Clock   |Dest:Rise|Dest:Rise|Dest:Fall|Dest:Fall|
---------------+---------+---------+---------+---------+
clk            |    6.126|         |         |         |
---------------+---------+---------+---------+---------+

=========================================================================


Total REAL time to Xst completion: 30.00 secs
Total CPU time to Xst completion: 29.05 secs
 
--> 

Total memory usage is 4836884 kilobytes

Number of errors   :    0 (   0 filtered)
Number of warnings :   32 (   0 filtered)
Number of infos    :    4 (   0 filtered)

